#
# There is insufficient memory for the Java Runtime Environment to continue.
# Native memory allocation (mmap) failed to map 2147483648 bytes for Failed to commit area from 0x0000000082000000 to 0x0000000102000000 of length 2147483648.
# Possible reasons:
#   The system is out of physical RAM or swap space
#   The process is running with CompressedOops enabled, and the Java Heap may be blocking the growth of the native heap
# Possible solutions:
#   Reduce memory load on the system
#   Increase physical memory or swap space
#   Check if swap backing store is full
#   Decrease Java heap size (-Xmx/-Xms)
#   Decrease number of Java threads
#   Decrease Java thread stack sizes (-Xss)
#   Set larger code cache with -XX:ReservedCodeCacheSize=
# This output file may be truncated or incomplete.
#
#  Out of Memory Error (src/hotspot/os/windows/os_windows.cpp:3627), pid=363248, tid=233020
#
# JRE version:  (11.0.15+10) (build )
# Java VM: OpenJDK 64-Bit Server VM (11.0.15+10-b2043.56, mixed mode, sharing, tiered, compressed oops, g1 gc, windows-amd64)
# Core dump will be written. Default location: C:\Users\sahabt.muratbozkir\Desktop\keepnet-ui\hs_err_pid363248.mdmp
#

---------------  S U M M A R Y ------------

Command Line: git4idea.http.GitAskPassApp Username for 'https://dev.azure.com/keepnetlabsuk/Keepnet/_git/KeepnetLabs.UI': 

Host: AMD EPYC 7451 24-Core Processor                , 48 cores, 219G,  Windows Server 2016 , 64 bit Build 14393 (10.0.14393.3630)
Time: Thu Aug 11 09:53:54 2022 Turkey Standard Time elapsed time: 0.018888 seconds (0d 0h 0m 0s)

---------------  T H R E A D  ---------------

Current thread (0x000001dc08233800):  JavaThread "Unknown thread" [_thread_in_vm, id=233020, stack(0x0000007c2b400000,0x0000007c2b500000)]

Stack: [0x0000007c2b400000,0x0000007c2b500000]
Native frames: (J=compiled Java code, j=interpreted, Vv=VM code, C=native code)
V  [jvm.dll+0x61612a]
V  [jvm.dll+0x79c450]
V  [jvm.dll+0x79da6d]
V  [jvm.dll+0x79e143]
V  [jvm.dll+0x24cc18]
V  [jvm.dll+0x613174]
V  [jvm.dll+0x607e55]
V  [jvm.dll+0x30b1cb]
V  [jvm.dll+0x30b13a]
V  [jvm.dll+0x30b012]
V  [jvm.dll+0x30ff76]
V  [jvm.dll+0x35b4c3]
V  [jvm.dll+0x35bbc6]
V  [jvm.dll+0x35b5c3]
V  [jvm.dll+0x2e5918]
V  [jvm.dll+0x2e6ab7]
V  [jvm.dll+0x7794f7]
V  [jvm.dll+0x77acec]
V  [jvm.dll+0x368a59]
V  [jvm.dll+0x75ce8e]
V  [jvm.dll+0x3d6a33]
V  [jvm.dll+0x3d9001]
C  [jli.dll+0x536b]
C  [ucrtbase.dll+0x1fb80]
C  [KERNEL32.DLL+0x84d4]
C  [ntdll.dll+0x51821]


---------------  P R O C E S S  ---------------

Threads class SMR info:
_java_thread_list=0x000001dc05da4f30, length=0, elements={
}

Java Threads: ( => current thread )

Other Threads:
  0x000001dc08251000 GCTaskThread "GC Thread#0" [stack: 0x0000007c2b500000,0x0000007c2b600000] [id=195676]
  0x000001dc082be800 ConcurrentGCThread "G1 Main Marker" [stack: 0x0000007c2b600000,0x0000007c2b700000] [id=132384]
  0x000001dc082bf800 ConcurrentGCThread "G1 Conc#0" [stack: 0x0000007c2b700000,0x0000007c2b800000] [id=318296]

[error occurred during error reporting (printing all threads), id 0xc0000005, EXCEPTION_ACCESS_VIOLATION (0xc0000005) at pc=0x00007fffce786017]

VM state:not at safepoint (not fully initialized)

VM Mutex/Monitor currently owned by a thread:  ([mutex/lock_event])
[0x000001dc0822f900] Heap_lock - owner thread: 0x000001dc08233800

Heap address: 0x0000000082000000, size: 30688 MB, Compressed Oops mode: Non-zero based: 0x0000000082000000
Narrow klass base: 0x0000000000000000, Narrow klass shift: 0

GC Heap History (0 events):
No events

Deoptimization events (0 events):
No events

Classes redefined (0 events):
No events

Internal exceptions (0 events):
No events

Events (1 events):
Event: 0.011 Loaded shared library C:\Program Files\JetBrains\WebStorm 2020.1\jbr\bin\zip.dll


Dynamic libraries:
0x00007ff754680000 - 0x00007ff75468a000 	C:\Program Files\JetBrains\WebStorm 2020.1\jbr\bin\java.exe
0x00007ff8df7f0000 - 0x00007ff8df9bf000 	C:\Windows\SYSTEM32\ntdll.dll
0x00007ff8dd470000 - 0x00007ff8dd51c000 	C:\Windows\System32\KERNEL32.DLL
0x00007ff8dbce0000 - 0x00007ff8dbefe000 	C:\Windows\System32\KERNELBASE.dll
0x00007ff8dcbe0000 - 0x00007ff8dccd4000 	C:\Windows\System32\ucrtbase.dll
0x00007fffe9db0000 - 0x00007fffe9dc6000 	C:\Program Files\JetBrains\WebStorm 2020.1\jbr\bin\VCRUNTIME140.dll
0x00007fffea430000 - 0x00007fffea449000 	C:\Program Files\JetBrains\WebStorm 2020.1\jbr\bin\jli.dll
0x00007ff8df0a0000 - 0x00007ff8df206000 	C:\Windows\System32\USER32.dll
0x00007ff8dcaa0000 - 0x00007ff8dcabe000 	C:\Windows\System32\win32u.dll
0x00007ff8d3270000 - 0x00007ff8d34ea000 	C:\Windows\WinSxS\amd64_microsoft.windows.common-controls_6595b64144ccf1df_6.0.14393.4169_none_7de0bbf28341b1f2\COMCTL32.dll
0x00007ff8dce30000 - 0x00007ff8dcece000 	C:\Windows\System32\msvcrt.dll
0x00007ff8dcd80000 - 0x00007ff8dcdb4000 	C:\Windows\System32\GDI32.dll
0x00007ff8dc640000 - 0x00007ff8dc7c3000 	C:\Windows\System32\gdi32full.dll
0x00007ff8dd000000 - 0x00007ff8dd2c7000 	C:\Windows\System32\combase.dll
0x00007ff8dced0000 - 0x00007ff8dcff1000 	C:\Windows\System32\RPCRT4.dll
0x00007ff8dcac0000 - 0x00007ff8dcb2b000 	C:\Windows\System32\bcryptPrimitives.dll
0x00007ff8df5e0000 - 0x00007ff8df60e000 	C:\Windows\System32\IMM32.DLL
0x00007fffd6de0000 - 0x00007fffd6e8a000 	C:\Program Files\JetBrains\WebStorm 2020.1\jbr\bin\msvcp140.dll
0x00007fffce490000 - 0x00007fffcf00b000 	C:\Program Files\JetBrains\WebStorm 2020.1\jbr\bin\server\jvm.dll
0x00007ff8deff0000 - 0x00007ff8df092000 	C:\Windows\System32\ADVAPI32.dll
0x00007ff8deaa0000 - 0x00007ff8deaf9000 	C:\Windows\System32\sechost.dll
0x00007ff8df430000 - 0x00007ff8df438000 	C:\Windows\System32\PSAPI.DLL
0x00007ff8d1400000 - 0x00007ff8d1409000 	C:\Windows\SYSTEM32\WSOCK32.dll
0x00007ff8d9ba0000 - 0x00007ff8d9bc3000 	C:\Windows\SYSTEM32\WINMM.dll
0x00007ff8d2fe0000 - 0x00007ff8d2fea000 	C:\Windows\SYSTEM32\VERSION.dll
0x00007ff8dcdc0000 - 0x00007ff8dce2a000 	C:\Windows\System32\WS2_32.dll
0x000001dc06110000 - 0x000001dc0613b000 	C:\Windows\SYSTEM32\WINMMBASE.dll
0x00007ff8dca50000 - 0x00007ff8dca92000 	C:\Windows\System32\cfgmgr32.dll
0x00007ff8dbc70000 - 0x00007ff8dbc7f000 	C:\Windows\System32\kernel.appcore.dll
0x00007ff81a9c0000 - 0x00007ff81a9d1000 	C:\Program Files\JetBrains\WebStorm 2020.1\jbr\bin\verify.dll
0x00007ff8caeb0000 - 0x00007ff8cb042000 	C:\Windows\SYSTEM32\DBGHELP.DLL
0x00007ff8c2a10000 - 0x00007ff8c2a39000 	C:\Windows\SYSTEM32\dbgcore.DLL
0x00007ff81a990000 - 0x00007ff81a9b9000 	C:\Program Files\JetBrains\WebStorm 2020.1\jbr\bin\java.dll
0x00007ff81ed60000 - 0x00007ff81ed6b000 	C:\Program Files\JetBrains\WebStorm 2020.1\jbr\bin\jimage.dll
0x00007ff81a970000 - 0x00007ff81a989000 	C:\Program Files\JetBrains\WebStorm 2020.1\jbr\bin\zip.dll

dbghelp: loaded successfully - version: 4.0.5 - missing functions: none
symbol engine: initialized successfully - sym options: 0x614 - pdb path: .;C:\Program Files\JetBrains\WebStorm 2020.1\jbr\bin;C:\Windows\SYSTEM32;C:\Windows\WinSxS\amd64_microsoft.windows.common-controls_6595b64144ccf1df_6.0.14393.4169_none_7de0bbf28341b1f2;C:\Program Files\JetBrains\WebStorm 2020.1\jbr\bin\server

VM Arguments:
java_command: git4idea.http.GitAskPassApp Username for 'https://dev.azure.com/keepnetlabsuk/Keepnet/_git/KeepnetLabs.UI': 
java_class_path (initial): C:/Program Files/JetBrains/WebStorm 2020.1/plugins/git4idea/lib/git4idea-rt.jar;C:/Program Files/JetBrains/WebStorm 2020.1/lib/externalProcess-rt.jar;C:/Program Files/JetBrains/WebStorm 2020.1/lib/app.jar;C:/Program Files/JetBrains/WebStorm 2020.1/lib/3rd-party-rt.jar
Launcher Type: SUN_STANDARD

[Global flags]
     intx CICompilerCount                          = 15                                        {product} {ergonomic}
     uint ConcGCThreads                            = 8                                         {product} {ergonomic}
     uint G1ConcRefinementThreads                  = 33                                        {product} {ergonomic}
   size_t G1HeapRegionSize                         = 4194304                                   {product} {ergonomic}
    uintx GCDrainStackTargetSize                   = 64                                        {product} {ergonomic}
   size_t InitialHeapSize                          = 2147483648                                {product} {ergonomic}
   size_t MarkStackSize                            = 4194304                                   {product} {ergonomic}
   size_t MaxHeapSize                              = 32178700288                               {product} {ergonomic}
   size_t MinHeapDeltaBytes                        = 4194304                                   {product} {ergonomic}
    uintx NonNMethodCodeHeapSize                   = 8182140                                {pd product} {ergonomic}
    uintx NonProfiledCodeHeapSize                  = 121738050                              {pd product} {ergonomic}
    uintx ProfiledCodeHeapSize                     = 121738050                              {pd product} {ergonomic}
    uintx ReservedCodeCacheSize                    = 251658240                              {pd product} {ergonomic}
     bool SegmentedCodeCache                       = true                                      {product} {ergonomic}
     bool UseCompressedClassPointers               = true                                 {lp64_product} {ergonomic}
     bool UseCompressedOops                        = true                                 {lp64_product} {ergonomic}
     bool UseG1GC                                  = true                                      {product} {ergonomic}
     bool UseLargePagesIndividualAllocation        = false                                  {pd product} {ergonomic}

Logging:
Log output configuration:
 #0: stdout all=warning uptime,level,tags
 #1: stderr all=off uptime,level,tags

Environment Variables:
JAVA_HOME=C:\Program Files\Java\jdk-13\
PATH=C:\Program Files\Git\mingw64\libexec\git-core;C:\Program Files\Git\mingw64\libexec\git-core;C:\Program Files\Git\mingw64\bin;C:\Program Files\Git\usr\bin;C:\Users\sahabt.muratbozkir\bin;C:\Program Files\Microsoft MPI\Bin;C:\Program Files\Common Files\Oracle\Java\javapath;C:\Program Files (x86)\Common Files\Oracle\Java\javapath;C:\Program Files\Common Files\Microsoft Shared\Microsoft Online Services;C:\Program Files (x86)\Common Files\Microsoft Shared\Microsoft Online Services;C:\Windows\system32;C:\Windows;C:\Windows\System32\Wbem;C:\Windows\System32\WindowsPowerShell\v1.0;C:\Program Files (x86)\Microsoft SQL Server\150\DTS\Binn;C:\Users\burakozen\.dnx\bin;C:\Program Files\Microsoft DNX\Dnvm;C:\Program Files\Microsoft SQL Server\130\Tools\Binn;C:\Program Files\Microsoft SQL Server\Client SDK\ODBC\130\Tools\Binn;C:\Program Files (x86)\Microsoft SQL Server\140\Tools\Binn;C:\Program Files\Microsoft SQL Server\140\Tools\Binn;C:\Program Files\Microsoft SQL Server\140\DTS\Binn;C:\Program Files\Microsoft SQL Server\Client SDK\ODBC\110\Tools\Binn;C:\Program Files (x86)\Microsoft SQL Server\120\Tools\Binn\ManagementStudio;C:\Program Files (x86)\Microsoft SQL Server\120\Tools\Binn;C:\Program Files\Microsoft SQL Server\120\Tools\Binn;C:\Program Files (x86)\Microsoft SQL Server\120\DTS\Binn;C:\Program Files\Microsoft SQL Server\120\DTS\Binn;C:\Users\oguzhan\scoop\shims;C:\Program Files\Java\jdk-13\bin;C:\Program Files\Java\jre1.8.0_291\bin;C:\Program Files\PuTTY;C:\Program Files\Microsoft\Web Platform Installer;C:\Program Files\nodejs;C:\ProgramData\chocolatey\bin;C:\Program Files (x86)\nodejs;C:\Program Files\Microsoft SQL Server\Client SDK\ODBC\170\Tools\Binn;C:\Program Files (x86)\Windows Kits\10\Windows Performance Toolkit;C:\Program Files (x86)\Yarn\bin;C:\Users\Bilal\Desktop\jdk-13.0.2_windows-x64_bin\jdk-13.0.2\bin;C:\Program Files\dotnet;C:\Program Files\WSO2\Identity Server\5.10.0\bin;C:\Program Files\EmEditor;C:\Program Files (x86)\GitExtensions;C:\Program Files\Git
USERNAME=sahabt.muratbozkir
DISPLAY=:0.0
LC_ALL=en_US.UTF-8
OS=Windows_NT
PROCESSOR_IDENTIFIER=AMD64 Family 23 Model 1 Stepping 2, AuthenticAMD



---------------  S Y S T E M  ---------------

OS: Windows Server 2016 , 64 bit Build 14393 (10.0.14393.3630)
OS uptime: 5 days 6:52 hours
VMWare virtualization detected

CPU:total 48 (initial active 48) (1 cores per cpu, 1 threads per core) family 23 model 1 stepping 2 microcode 0x8001227, cmov, cx8, fxsr, mmx, sse, sse2, sse3, ssse3, sse4.1, sse4.2, popcnt, avx, avx2, aes, clmul, mmxext, 3dnowpref, lzcnt, sse4a, tsc, tscinvbit, tscinv, bmi1, bmi2, adx, fma

Memory: 4k page, system-wide physical 225279M (60345M free)
TotalPageFile size 235279M (AvailPageFile size 425M)
current process WorkingSet (physical memory assigned to process): 11M, peak: 11M
current process commit charge ("private bytes"): 119M, peak: 2167M

vm_info: OpenJDK 64-Bit Server VM (11.0.15+10-b2043.56) for windows-amd64 JRE (11.0.15+10-b2043.56), built on May 16 2022 02:28:12 by "" with MS VC++ 14.0 (VS2015)

END.
